# JRE version: OpenJDK Runtime Environment (17.0.6) (build 17.0.6+0-b2043.56-10027231)
# Java VM: OpenJDK 64-Bit Server VM (17.0.6+0-b2043.56-10027231, mixed mode, tiered, compressed oops, compressed class ptrs, g1 gc, windows-amd64)
GC Precious Log:
 CPUs: 16 total, 16 available
 Memory: 6005M
 Large Page Support: Disabled
 NUMA Support: Disabled
 Compressed Oops: Enabled (32-bit)
 Heap Region Size: 1M
 Heap Min Capacity: 8M
 Heap Initial Capacity: 94M
 Heap Max Capacity: 2G
 Pre-touch: Disabled
 Parallel Workers: 13
 Concurrent Workers: 3
 Concurrent Refinement Workers: 13
 Periodic GC: Disabled
Heap:
 garbage-first heap   total 82944K, used 50021K [0x0000000080000000, 0x0000000100000000)
  region size 1024K, 9 young (9216K), 2 survivors (2048K)
 Metaspace       used 60140K, committed 60672K, reserved 1105920K
  class space    used 7956K, committed 8192K, reserved 1048576K
GC Heap History (20 events):
Event: 4.682 GC heap before
{Heap before GC invocations=6 (full 0):
 garbage-first heap   total 68608K, used 49107K [0x0000000080000000, 0x0000000100000000)
  region size 1024K, 30 young (30720K), 4 survivors (4096K)
 Metaspace       used 34839K, committed 35200K, reserved 1081344K
  class space    used 4804K, committed 4992K, reserved 1048576K
}
Event: 4.686 GC heap after
{Heap after GC invocations=7 (full 0):
 garbage-first heap   total 68608K, used 24059K [0x0000000080000000, 0x0000000100000000)
  region size 1024K, 4 young (4096K), 4 survivors (4096K)
 Metaspace       used 34839K, committed 35200K, reserved 1081344K
  class space    used 4804K, committed 4992K, reserved 1048576K
}
Event: 5.156 GC heap before
{Heap before GC invocations=7 (full 0):
 garbage-first heap   total 68608K, used 27131K [0x0000000080000000, 0x0000000100000000)
  region size 1024K, 9 young (9216K), 4 survivors (4096K)
 Metaspace       used 35649K, committed 35968K, reserved 1081344K
  class space    used 4874K, committed 5056K, reserved 1048576K
}
Event: 5.159 GC heap after
{Heap after GC invocations=8 (full 0):
 garbage-first heap   total 68608K, used 25104K [0x0000000080000000, 0x0000000100000000)
  region size 1024K, 3 young (3072K), 3 survivors (3072K)
 Metaspace       used 35649K, committed 35968K, reserved 1081344K
  class space    used 4874K, committed 5056K, reserved 1048576K
}
Event: 7.706 GC heap before
{Heap before GC invocations=9 (full 0):
 garbage-first heap   total 68608K, used 48656K [0x0000000080000000, 0x0000000100000000)
  region size 1024K, 27 young (27648K), 3 survivors (3072K)
 Metaspace       used 40547K, committed 40896K, reserved 1089536K
  class space    used 5357K, committed 5504K, reserved 1048576K
}
Event: 7.710 GC heap after
{Heap after GC invocations=10 (full 0):
 garbage-first heap   total 68608K, used 28600K [0x0000000080000000, 0x0000000100000000)
  region size 1024K, 4 young (4096K), 4 survivors (4096K)
 Metaspace       used 40547K, committed 40896K, reserved 1089536K
  class space    used 5357K, committed 5504K, reserved 1048576K
}
Event: 8.667 GC heap before
{Heap before GC invocations=10 (full 0):
 garbage-first heap   total 68608K, used 53176K [0x0000000080000000, 0x0000000100000000)
  region size 1024K, 26 young (26624K), 4 survivors (4096K)
 Metaspace       used 42994K, committed 43328K, reserved 1089536K
  class space    used 5624K, committed 5760K, reserved 1048576K
}
Event: 8.670 GC heap after
{Heap after GC invocations=11 (full 0):
 garbage-first heap   total 68608K, used 30263K [0x0000000080000000, 0x0000000100000000)
  region size 1024K, 3 young (3072K), 3 survivors (3072K)
 Metaspace       used 42994K, committed 43328K, reserved 1089536K
  class space    used 5624K, committed 5760K, reserved 1048576K
}
Event: 9.994 GC heap before
{Heap before GC invocations=11 (full 0):
 garbage-first heap   total 68608K, used 51767K [0x0000000080000000, 0x0000000100000000)
  region size 1024K, 24 young (24576K), 3 survivors (3072K)
 Metaspace       used 44880K, committed 45312K, reserved 1089536K
  class space    used 5821K, committed 6016K, reserved 1048576K
}
Event: 9.996 GC heap after
{Heap after GC invocations=12 (full 0):
 garbage-first heap   total 68608K, used 31729K [0x0000000080000000, 0x0000000100000000)
  region size 1024K, 2 young (2048K), 2 survivors (2048K)
 Metaspace       used 44880K, committed 45312K, reserved 1089536K
  class space    used 5821K, committed 6016K, reserved 1048576K
}
Event: 11.520 GC heap before
{Heap before GC invocations=12 (full 0):
 garbage-first heap   total 68608K, used 52209K [0x0000000080000000, 0x0000000100000000)
  region size 1024K, 22 young (22528K), 2 survivors (2048K)
 Metaspace       used 47417K, committed 47872K, reserved 1097728K
  class space    used 6246K, committed 6464K, reserved 1048576K
}
Event: 11.522 GC heap after
{Heap after GC invocations=13 (full 0):
 garbage-first heap   total 68608K, used 32941K [0x0000000080000000, 0x0000000100000000)
  region size 1024K, 3 young (3072K), 3 survivors (3072K)
 Metaspace       used 47417K, committed 47872K, reserved 1097728K
  class space    used 6246K, committed 6464K, reserved 1048576K
}
Event: 14.383 GC heap before
{Heap before GC invocations=14 (full 0):
 garbage-first heap   total 68608K, used 53421K [0x0000000080000000, 0x0000000100000000)
  region size 1024K, 23 young (23552K), 3 survivors (3072K)
 Metaspace       used 50311K, committed 50752K, reserved 1097728K
  class space    used 6724K, committed 6912K, reserved 1048576K
}
Event: 14.386 GC heap after
{Heap after GC invocations=15 (full 0):
 garbage-first heap   total 82944K, used 33955K [0x0000000080000000, 0x0000000100000000)
  region size 1024K, 3 young (3072K), 3 survivors (3072K)
 Metaspace       used 50311K, committed 50752K, reserved 1097728K
  class space    used 6724K, committed 6912K, reserved 1048576K
}
Event: 24.479 GC heap before
{Heap before GC invocations=15 (full 0):
 garbage-first heap   total 82944K, used 63651K [0x0000000080000000, 0x0000000100000000)
  region size 1024K, 32 young (32768K), 3 survivors (3072K)
 Metaspace       used 55207K, committed 55744K, reserved 1097728K
  class space    used 7307K, committed 7552K, reserved 1048576K
}
Event: 24.483 GC heap after
{Heap after GC invocations=16 (full 0):
 garbage-first heap   total 82944K, used 36738K [0x0000000080000000, 0x0000000100000000)
  region size 1024K, 4 young (4096K), 4 survivors (4096K)
 Metaspace       used 55207K, committed 55744K, reserved 1097728K
  class space    used 7307K, committed 7552K, reserved 1048576K
}
Event: 36.982 GC heap before
{Heap before GC invocations=16 (full 0):
 garbage-first heap   total 82944K, used 64386K [0x0000000080000000, 0x0000000100000000)
  region size 1024K, 32 young (32768K), 4 survivors (4096K)
 Metaspace       used 59667K, committed 60096K, reserved 1105920K
  class space    used 7907K, committed 8128K, reserved 1048576K
}
Event: 36.986 GC heap after
{Heap after GC invocations=17 (full 0):
 garbage-first heap   total 82944K, used 39241K [0x0000000080000000, 0x0000000100000000)
  region size 1024K, 3 young (3072K), 3 survivors (3072K)
 Metaspace       used 59667K, committed 60096K, reserved 1105920K
  class space    used 7907K, committed 8128K, reserved 1048576K
}
Event: 38.478 GC heap before
{Heap before GC invocations=17 (full 0):
 garbage-first heap   total 82944K, used 50505K [0x0000000080000000, 0x0000000100000000)
  region size 1024K, 16 young (16384K), 3 survivors (3072K)
 Metaspace       used 60067K, committed 60544K, reserved 1105920K
  class space    used 7948K, committed 8128K, reserved 1048576K
}
Event: 38.481 GC heap after
{Heap after GC invocations=18 (full 0):
 garbage-first heap   total 82944K, used 40805K [0x0000000080000000, 0x0000000100000000)
  region size 1024K, 2 young (2048K), 2 survivors (2048K)
 Metaspace       used 60067K, committed 60544K, reserved 1105920K
  class space    used 7948K, committed 8128K, reserved 1048576K
}

